--------------------------------------------------------------------------------
Checking arguments for creation of PTA package
Target LPK file: C:\Users\fdiaz\Documents\Repositorios\AutAcademy_OOP\Step20\Step20.76998303-f63c-4bf2-a68d-1851d8790195.Lenze_25200000_000000_100_0x00010A01.intlpk
Package configuration file: C:\Users\fdiaz\AppData\Local\Temp\069bd068-f69c-40cb-97a9-bc4ddc47ff7d\TaPackage.config
OK

--------------------------------------------------------------------------------
Checking arguments for LDP merge
Execution directory name: C:\Users\fdiaz\AppData\Local\assembly\dl3\QETC3P8A.5BX\WZ2NCW97.NG7\df6d7dc1\003297da_c52dda01
Signature key file: missing.
Base device LDP file: C:\ProgramData\Lenze\DeviceDescription\{5E796237-6C09-48EA-8C4D-572A2234DAA5}\Lenze_25200000_0x00010C00.ldp
TA LDP file: C:\Users\fdiaz\Documents\Repositorios\AutAcademy_OOP\Step20\Step20.76998303-f63c-4bf2-a68d-1851d8790195.SoftPlcParameter.ldp
LDP target directory: C:\Users\fdiaz\AppData\Local\Temp\069bd068-f69c-40cb-97a9-bc4ddc47ff7d
OK

--------------------------------------------------------------------------------
Reading LDP merge configuration data from file:
C:\Users\fdiaz\AppData\Local\Temp\069bd068-f69c-40cb-97a9-bc4ddc47ff7d\TaPackage.config

OK

--------------------------------------------------------------------------------
Extracting base device LXD file structure
Main document: Lenze_25200000_0x00010C00.lxd / Version: 1.0.0.0 / Bytes: 466455 / LastWriteTimeUtc: 2024-04-08T13:30:05.4068049Z / MD5 hash: AHRJzUjmuWf9milw5apMjg==
String table document: Lenze_25200000_0x00010C00.de-DE.lxd / Version: 1.0.0.0 / Bytes: 145277 / LastWriteTimeUtc: 2024-04-08T13:30:05.4188296Z / MD5 hash: BWWIw+ehDZasRac8PEInsg==
OK

--------------------------------------------------------------------------------
Extracting TA LXD file structure
Main document: SoftPlcParameter.lxd / Version: 1.0.0.0 / Bytes: 638925 / LastWriteTimeUtc: 2025-03-25T11:20:56.3462886Z / MD5 hash: YMUTTWLXTuyC2xcL1rZv3A==
String table document: SoftPlcParameter.de-DE.lxd / Version: 1.0.0.0 / Bytes: 230638 / LastWriteTimeUtc: 2025-03-25T11:20:56.3523968Z / MD5 hash: wkZtZZ19KcFRmnXxBTQ8Kg==
Data file: SoftPlcEasyStarterConfig.de-DE.xml / Bytes: 210 / LastWriteTimeUtc: 2025-03-25T11:20:56.3533943Z / MD5 hash: Ld/DlFRy4QQSu+RIYkJQmw==
Data file: SoftPlcEasyStarterConfig.xml / Bytes: 3337 / LastWriteTimeUtc: 2025-03-25T11:20:56.3533943Z / MD5 hash: WB6TGXTrIiGi6+TCGdLwQQ==
OK

--------------------------------------------------------------------------------
Reading LXD merge configuration data from file:
C:\Users\fdiaz\AppData\Local\Temp\069bd068-f69c-40cb-97a9-bc4ddc47ff7d\TaPackage.config

Reading string arguments from config file
TA number: 100
TA version: 1
SelectTextFor1018Sub2Suffix en-US: TA Step20
SelectTextFor1018Sub2Suffix de-DE: TA Step20
ProductNameSuffix en-US: TA Step20
ProductNameSuffix de-DE: TA Step20
ProductInfoTextSuffix en-US: TA Step20
ProductInfoTextSuffix de-DE: TA Step20
SelectTextFor2013Sub1 en-US: TA Step20
SelectTextFor2013Sub1 de-DE: TA Step20
OK

--------------------------------------------------------------------------------
Checking arguments for LXD merge
Execution directory name: C:\Users\fdiaz\AppData\Local\assembly\dl3\QETC3P8A.5BX\WZ2NCW97.NG7\df6d7dc1\003297da_c52dda01
LXD schema: C:\Program Files (x86)\Lenze\PlcDesigner\3.28.0.28491\PlcDesigner\Common\LXD.xsd
Package configuration file: C:\Users\fdiaz\AppData\Local\Temp\069bd068-f69c-40cb-97a9-bc4ddc47ff7d\TaPackage.config
Temp directory: C:\Users\fdiaz\AppData\Local\Temp\069bd068-f69c-40cb-97a9-bc4ddc47ff7d
LXD target directory: automatically set to C:\Users\fdiaz\AppData\Local\Temp\069bd068-f69c-40cb-97a9-bc4ddc47ff7d
OK

--------------------------------------------------------------------------------
Reading LXD merge configuration data from file:
C:\Users\fdiaz\AppData\Local\Temp\069bd068-f69c-40cb-97a9-bc4ddc47ff7d\TaPackage.config

LXD merge configuration data already known.
Reading C:\Users\fdiaz\AppData\Local\Temp\069bd068-f69c-40cb-97a9-bc4ddc47ff7d\TaPackage.config skipped.
OK

--------------------------------------------------------------------------------
Identifying base device file structure
Main document: 'C:\Users\fdiaz\AppData\Local\Temp\069bd068-f69c-40cb-97a9-bc4ddc47ff7d\B\Lenze_25200000_0x00010C00.lxd'
String table 'de-DE': 'C:\Users\fdiaz\AppData\Local\Temp\069bd068-f69c-40cb-97a9-bc4ddc47ff7d\B\de-DE\Lenze_25200000_0x00010C00.de-DE.lxd'
OK

--------------------------------------------------------------------------------
Identifying TA file structure
Main document: 'C:\Users\fdiaz\AppData\Local\Temp\069bd068-f69c-40cb-97a9-bc4ddc47ff7d\A\SoftPlcParameter.lxd'
String table 'de-DE': 'C:\Users\fdiaz\AppData\Local\Temp\069bd068-f69c-40cb-97a9-bc4ddc47ff7d\A\de-DE\SoftPlcParameter.de-DE.lxd'
Data file: 'C:\Users\fdiaz\AppData\Local\Temp\069bd068-f69c-40cb-97a9-bc4ddc47ff7d\A\SoftPlcParameter\SoftPlcEasyStarterConfig.de-DE.xml'
Data file: 'C:\Users\fdiaz\AppData\Local\Temp\069bd068-f69c-40cb-97a9-bc4ddc47ff7d\A\SoftPlcParameter\SoftPlcEasyStarterConfig.xml'
OK

--------------------------------------------------------------------------------
Reading:
C:\Users\fdiaz\AppData\Local\Temp\069bd068-f69c-40cb-97a9-bc4ddc47ff7d\B\Lenze_25200000_0x00010C00.lxd
Reading:
C:\Users\fdiaz\AppData\Local\Temp\069bd068-f69c-40cb-97a9-bc4ddc47ff7d\B\de-DE\Lenze_25200000_0x00010C00.de-DE.lxd
Reading:
C:\Users\fdiaz\AppData\Local\Temp\069bd068-f69c-40cb-97a9-bc4ddc47ff7d\A\SoftPlcParameter.lxd
Reading:
C:\Users\fdiaz\AppData\Local\Temp\069bd068-f69c-40cb-97a9-bc4ddc47ff7d\A\de-DE\SoftPlcParameter.de-DE.lxd
TA wants to add: 0x5102
TA wants to add: 0x5103
TA wants to add: 0x5104
TA wants to add: 0x5105
TA wants to add: 0x5106
TA wants to add: 0x5101
OK

--------------------------------------------------------------------------------
Merging data

Merging / updating main document
Object added: 0x5102
Object added: 0x5103
Object added: 0x5104
Object added: 0x5105
Object added: 0x5106
Object added: 0x5101
1 sub menu entries cloned.
168 entries for parameter group Oscilloscope.RecordableObjects cloned.
1099 error list entries cloned.
EncodedType set to: 25200000#100
Version set to: 1.3073.0.0
ProductRevision set to: 1.3073
ProductName set to: c520 FW V01.12 - TA Step20
ProductInfoText set to: c520 FW V01.12 - TA Step20
SelectTect for 0x2013:1 is already known
Writing main document to:
C:\Users\fdiaz\AppData\Local\Temp\069bd068-f69c-40cb-97a9-bc4ddc47ff7d\T\Lenze_25200000#100_0x00010C01.lxd
OK

Merging / updating string tables
Updating string table for culture: de-DE
2501 string table entries added.
0 string table entries redefined.
ProductName for culture de-DE set to: c520 FW V01.12 - TA Step20
ProductInfoText for culture de-DE set to: c520 FW V01.12 - TA Step20
TA related SelectText in 0x2013:1 for culture de-DE set to: TA Step20
Writing string table document to: 
C:\Users\fdiaz\AppData\Local\Temp\069bd068-f69c-40cb-97a9-bc4ddc47ff7d\T\de-DE\Lenze_25200000#100_0x00010C01.de-DE.lxd
OK


Temporary LXD file structure successfully created: C:\Users\fdiaz\AppData\Local\Temp\069bd068-f69c-40cb-97a9-bc4ddc47ff7d\T\Lenze_25200000#100_0x00010C01.lxd
OK

--------------------------------------------------------------------------------
Validating created temporary file structure
OK

--------------------------------------------------------------------------------
Compare & update target file structure
OK

--------------------------------------------------------------------------------
Updating LDP

C:\Users\fdiaz\AppData\Local\Temp\069bd068-f69c-40cb-97a9-bc4ddc47ff7d\Lenze_25200000_100_0x00010C01.ldp
Creating temporary LDP file: C:\Users\fdiaz\AppData\Local\Temp\069bd068-f69c-40cb-97a9-bc4ddc47ff7d\f222ef31-30fe-44a7-b371-166703bb7e72\Lenze_25200000_100_0x00010C01.ldp
Adding file structure related to C:\Users\fdiaz\AppData\Local\Temp\069bd068-f69c-40cb-97a9-bc4ddc47ff7d\Lenze_25200000#100_0x00010C01.lxd

Adding slave descriptions:

Creating reduced slave LDP files

Communication path: ETC0.1002, original LDP: C:\ProgramData\Lenze\DeviceDescription\{CCFB1E9A-23F7-4D38-BA56-4F57903F3AF4}\Lenze_69075001_0x00010002.ldp, original LXD: Lenze_69075001_0x00010002.lxd
Creating new slave LDP
Updating slave LDP: C:\Users\fdiaz\AppData\Local\Temp\069bd068-f69c-40cb-97a9-bc4ddc47ff7d\Slave.Lenze_69075001_0x00010002\Slave.Lenze_69075001_0x00010002.ldp
Reading LXD data related to Lenze_69075001_0x00010002.lxd from C:\ProgramData\Lenze\DeviceDescription\{CCFB1E9A-23F7-4D38-BA56-4F57903F3AF4}\Lenze_69075001_0x00010002.ldp
Reducing LXD data
Saving LXD data related to C:\Users\fdiaz\AppData\Local\Temp\069bd068-f69c-40cb-97a9-bc4ddc47ff7d\Slave.Lenze_69075001_0x00010002\Lenze_69075001_0x00010002.lxd
Adding reduced LXD file structure to: C:\Users\fdiaz\AppData\Local\Temp\069bd068-f69c-40cb-97a9-bc4ddc47ff7d\Slave.Lenze_69075001_0x00010002\Slave.Lenze_69075001_0x00010002.ldp

Communication path: ETC0.1003, original LDP: C:\ProgramData\Lenze\DeviceDescription\{CCFB1E9A-23F7-4D38-BA56-4F57903F3AF4}\Lenze_69075001_0x00010002.ldp, original LXD: Lenze_69075001_0x00010002.lxd

Communication path: ETC0.1004, original LDP: C:\ProgramData\Lenze\DeviceDescription\{CCFB1E9A-23F7-4D38-BA56-4F57903F3AF4}\Lenze_69075001_0x00010002.ldp, original LXD: Lenze_69075001_0x00010002.lxd

Communication path: ETC0.1005, original LDP: C:\ProgramData\Lenze\DeviceDescription\{CCFB1E9A-23F7-4D38-BA56-4F57903F3AF4}\Lenze_69075001_0x00010002.ldp, original LXD: Lenze_69075001_0x00010002.lxd

Communication path: ETC0.1006, original LDP: C:\ProgramData\Lenze\DeviceDescription\{CCFB1E9A-23F7-4D38-BA56-4F57903F3AF4}\Lenze_69075001_0x00010002.ldp, original LXD: Lenze_69075001_0x00010002.lxd

Communication path: ETC0.1007, original LDP: C:\ProgramData\Lenze\DeviceDescription\{CCFB1E9A-23F7-4D38-BA56-4F57903F3AF4}\Lenze_69075001_0x00010002.ldp, original LXD: Lenze_69075001_0x00010002.lxd

Creation of reduced slave LDP files finished.
Adding reduced LDP to target file structure
C:\Users\fdiaz\AppData\Local\Temp\069bd068-f69c-40cb-97a9-bc4ddc47ff7d\Slave.Lenze_69075001_0x00010002\Slave.Lenze_69075001_0x00010002.ldp

Creating and adding SlaveMapping.xml

Signing temporary LDP
Closing temporary LDP.

Data of saved temporary LDP:
ContentType: LDP/Device
Version: 0.0.0.6
Created: 3/25/2025 11:20:57 AM
Creator: CES282392
Modified: 3/25/2025 11:20:57 AM
LastModifiedBy: CES282392 (Lenze)
Property: BaseDeviceLdpFileName = Lenze_25200000_0x00010C00.ldp
Signature key id: i900.LdpMerge
Signature: \Lenze_25200000#100_0x00010C01.lxd - 37472A567FD47F1A76BD3D0970C65EA82C01A9EF96F36FBCA87A6B08CA405473A3C80648C009289107E4601F54ACB4BF0EAE60093C0DD391BFA8FC15CD8DF5292D16424C1DDD8593DA041BD95DFA6F7C72CAF3483D280B88A2FD4DD112F3B1953063AFC41DA17E3FCD114B42FE345D8CAE863BBFF588D3B4706B4AC7EEE9B1DC
Signature: \Cultures\de-DE\Lenze_25200000#100_0x00010C01.de-DE.lxd - 2301026AAC5A676CE6112CDDBF5450C51852B6235E3ADC5AB1A1B61F9A6BA31DDDCB4A1DF49D80BB0067992479C7B7AFA48128B5BC8D9421410AF2561B622504DD3A7BC4A2A266BC789191186AABDD90B73800B0B841124A3279CA7B5A4223F1A581E08E25B0E7D4E77CAD744451B9291AA693C78AC1443EA06DFBF8EA301A6E
Signature: \Lenze_25200000#100_0x00010C01\Slave.Lenze_69075001_0x00010002.ldp - 0A0D0789D846AEC7D68EFEB451B560066DD5565EDB6EAEB36557026C50A4FC9AC797E29317AAFDD3FFC4F2BA4BAA19C3DFC67A1E395C48B63D025EE09E6A9EC1F9A28CBA68B60BC6BF8769F0F07F9E144B95EB80BD7326D955A05955EA7650275C86322FC4391CF6643A14A978AC78656527C3A43448C074FE4ABD43F9D18D52
Signature: \Lenze_25200000#100_0x00010C01\SlaveMapping.xml - 506857ACA1F8F1D92C02990680DCDA7452B312602A6B149C8305829B62D3E19633C7707EB62A3247501D2260571C1EF6377741A9CEF0898ECB42F513FB0535102FCE809E5DFE34B223EA69E9A431B8979ABAD9A3046C64916D63D613C1E902E68829B85C1753C71488888FDB31408361204DA1A83C7504C8B567BD5B1729B0C7
Main document: Lenze_25200000#100_0x00010C01.lxd / Version: 1.0.0.0 / Bytes: 951928 / LastWriteTimeUtc: 2025-03-25T11:20:56.7858741Z / MD5 hash: RJW9QHf7QDChMT4C1jetuA==
String table document: Lenze_25200000#100_0x00010C01.de-DE.lxd / Version: 1.0.0.0 / Bytes: 360755 / LastWriteTimeUtc: 2025-03-25T11:20:56.8376252Z / MD5 hash: DDSVauesDGJwfiBQNqOf1A==
Data file: Slave.Lenze_69075001_0x00010002.ldp / Bytes: 24040 / LastWriteTimeUtc: 2025-03-25T11:20:57.4524597Z / MD5 hash: 3wr7jiCUAS/uifsdFRPxoA==
Data file: SlaveMapping.xml / Bytes: 1312 / LastWriteTimeUtc: 2025-03-25T11:20:57.4534596Z / MD5 hash: TKG39VivKL/QW7pJJ3a4eQ==

Target LDP file does not exist and will be created newly.
Copying temporary LDP file to: C:\Users\fdiaz\AppData\Local\Temp\069bd068-f69c-40cb-97a9-bc4ddc47ff7d\Lenze_25200000_100_0x00010C01.ldp

Final target LDP data:
ContentType: LDP/Device
Version: 0.0.0.6
Created: 3/25/2025 11:20:57 AM
Creator: CES282392
Modified: 3/25/2025 11:20:57 AM
LastModifiedBy: CES282392 (Lenze)
Property: BaseDeviceLdpFileName = Lenze_25200000_0x00010C00.ldp
Signature key id: i900.LdpMerge
Signature: \Lenze_25200000#100_0x00010C01.lxd - 37472A567FD47F1A76BD3D0970C65EA82C01A9EF96F36FBCA87A6B08CA405473A3C80648C009289107E4601F54ACB4BF0EAE60093C0DD391BFA8FC15CD8DF5292D16424C1DDD8593DA041BD95DFA6F7C72CAF3483D280B88A2FD4DD112F3B1953063AFC41DA17E3FCD114B42FE345D8CAE863BBFF588D3B4706B4AC7EEE9B1DC
Signature: \Cultures\de-DE\Lenze_25200000#100_0x00010C01.de-DE.lxd - 2301026AAC5A676CE6112CDDBF5450C51852B6235E3ADC5AB1A1B61F9A6BA31DDDCB4A1DF49D80BB0067992479C7B7AFA48128B5BC8D9421410AF2561B622504DD3A7BC4A2A266BC789191186AABDD90B73800B0B841124A3279CA7B5A4223F1A581E08E25B0E7D4E77CAD744451B9291AA693C78AC1443EA06DFBF8EA301A6E
Signature: \Lenze_25200000#100_0x00010C01\Slave.Lenze_69075001_0x00010002.ldp - 0A0D0789D846AEC7D68EFEB451B560066DD5565EDB6EAEB36557026C50A4FC9AC797E29317AAFDD3FFC4F2BA4BAA19C3DFC67A1E395C48B63D025EE09E6A9EC1F9A28CBA68B60BC6BF8769F0F07F9E144B95EB80BD7326D955A05955EA7650275C86322FC4391CF6643A14A978AC78656527C3A43448C074FE4ABD43F9D18D52
Signature: \Lenze_25200000#100_0x00010C01\SlaveMapping.xml - 506857ACA1F8F1D92C02990680DCDA7452B312602A6B149C8305829B62D3E19633C7707EB62A3247501D2260571C1EF6377741A9CEF0898ECB42F513FB0535102FCE809E5DFE34B223EA69E9A431B8979ABAD9A3046C64916D63D613C1E902E68829B85C1753C71488888FDB31408361204DA1A83C7504C8B567BD5B1729B0C7
Main document: Lenze_25200000#100_0x00010C01.lxd / Version: 1.0.0.0 / Bytes: 951928 / LastWriteTimeUtc: 2025-03-25T11:20:56.7858741Z / MD5 hash: RJW9QHf7QDChMT4C1jetuA==
String table document: Lenze_25200000#100_0x00010C01.de-DE.lxd / Version: 1.0.0.0 / Bytes: 360755 / LastWriteTimeUtc: 2025-03-25T11:20:56.8376252Z / MD5 hash: DDSVauesDGJwfiBQNqOf1A==
Data file: Slave.Lenze_69075001_0x00010002.ldp / Bytes: 24040 / LastWriteTimeUtc: 2025-03-25T11:20:57.4524597Z / MD5 hash: 3wr7jiCUAS/uifsdFRPxoA==
Data file: SlaveMapping.xml / Bytes: 1312 / LastWriteTimeUtc: 2025-03-25T11:20:57.4534596Z / MD5 hash: TKG39VivKL/QW7pJJ3a4eQ==
OK

--------------------------------------------------------------------------------
Reading LPK merge configuration data from file:
C:\Users\fdiaz\AppData\Local\Temp\069bd068-f69c-40cb-97a9-bc4ddc47ff7d\TaPackage.config

PackageNameSuffix en-US: TA Step20
PackageNameSuffix de-DE: TA Step20
DisplayNodes en-US: c520
DisplayNodes de-DE: c520
OK

--------------------------------------------------------------------------------
Updating target LPK

C:\Users\fdiaz\Documents\Repositorios\AutAcademy_OOP\Step20\Step20.76998303-f63c-4bf2-a68d-1851d8790195.Lenze_25200000_000000_100_0x00010A01.intlpk

Creating temporary LPK file: C:\Users\fdiaz\AppData\Local\Temp\069bd068-f69c-40cb-97a9-bc4ddc47ff7d\Step20.76998303-f63c-4bf2-a68d-1851d8790195.Lenze_25200000_000000_100_0x00010A01.intlpk
There are no additional files to be added to LPK.
Saving temporary LPK file: C:\Users\fdiaz\AppData\Local\Temp\069bd068-f69c-40cb-97a9-bc4ddc47ff7d\Step20.76998303-f63c-4bf2-a68d-1851d8790195.Lenze_25200000_000000_100_0x00010A01.intlpk
Data of saved temporary LPK:
Package Id: d52c1c29-8323-484a-a309-39d6864f7435
Package version: 1.0
Content: UserDeviceDescription
Package name: c520 FW V01.12 - TA Step20 (100) V1
Package name en-US: c520 FW V01.12 - TA Step20 (100) V1
Package name de-DE: c520 FW V01.12 - TA Step20 (100) V1
Display nodes: c520
Display nodes en-US: c520
Display nodes de-DE: c520
Package module: Lenze_25200000_100_0x00010C01.ldp / Version: 0.0.0.6 / Bytes: 157048 / LastWriteTimeUtc: 2025-03-25T11:20:57.5176863Z / MD5 hash: fuLt9XsuLxe7kFKsmi+gsQ==
OK

Target LPK file does not exist and will be created newly.
Copying LPK file from C:\Users\fdiaz\AppData\Local\Temp\069bd068-f69c-40cb-97a9-bc4ddc47ff7d\Step20.76998303-f63c-4bf2-a68d-1851d8790195.Lenze_25200000_000000_100_0x00010A01.intlpk to C:\Users\fdiaz\Documents\Repositorios\AutAcademy_OOP\Step20\Step20.76998303-f63c-4bf2-a68d-1851d8790195.Lenze_25200000_000000_100_0x00010A01.intlpk

Final target package data:
Package Id: d52c1c29-8323-484a-a309-39d6864f7435
Package version: 1.0
Content: UserDeviceDescription
Package name: c520 FW V01.12 - TA Step20 (100) V1
Package name en-US: c520 FW V01.12 - TA Step20 (100) V1
Package name de-DE: c520 FW V01.12 - TA Step20 (100) V1
Display nodes: c520
Display nodes en-US: c520
Display nodes de-DE: c520
Package module: Lenze_25200000_100_0x00010C01.ldp / Version: 0.0.0.6 / Bytes: 157048 / LastWriteTimeUtc: 2025-03-25T11:20:57.5176863Z / MD5 hash: fuLt9XsuLxe7kFKsmi+gsQ==
OK

-------------------------------------------------------------------------------

