--------------------------------------------------------------------------------
Checking arguments for creation of PTA package
Target LPK file: C:\Users\fdiaz\Documents\Repositorios\AutAcademy_OOP\Step0\Step0.76998303-f63c-4bf2-a68d-1851d8790195.Lenze_25200000_000000_100_0x00010A01.intlpk
Package configuration file: C:\Users\fdiaz\AppData\Local\Temp\0f4253ef-b8ee-4953-bfa1-4e946ea2ed52\TaPackage.config
OK

--------------------------------------------------------------------------------
Checking arguments for LDP merge
Execution directory name: C:\Users\fdiaz\AppData\Local\assembly\dl3\QETC3P8A.5BX\WZ2NCW97.NG7\df6d7dc1\003297da_c52dda01
Signature key file: missing.
Base device LDP file: C:\ProgramData\Lenze\DeviceDescription\{5E796237-6C09-48EA-8C4D-572A2234DAA5}\Lenze_25200000_0x00010C00.ldp
TA LDP file: C:\Users\fdiaz\Documents\Repositorios\AutAcademy_OOP\Step0\Step0.76998303-f63c-4bf2-a68d-1851d8790195.SoftPlcParameter.ldp
LDP target directory: C:\Users\fdiaz\AppData\Local\Temp\0f4253ef-b8ee-4953-bfa1-4e946ea2ed52
OK

--------------------------------------------------------------------------------
Reading LDP merge configuration data from file:
C:\Users\fdiaz\AppData\Local\Temp\0f4253ef-b8ee-4953-bfa1-4e946ea2ed52\TaPackage.config

OK

--------------------------------------------------------------------------------
Extracting base device LXD file structure
Main document: Lenze_25200000_0x00010C00.lxd / Version: 1.0.0.0 / Bytes: 466455 / LastWriteTimeUtc: 2024-04-08T13:30:05.4068049Z / MD5 hash: AHRJzUjmuWf9milw5apMjg==
String table document: Lenze_25200000_0x00010C00.de-DE.lxd / Version: 1.0.0.0 / Bytes: 145277 / LastWriteTimeUtc: 2024-04-08T13:30:05.4188296Z / MD5 hash: BWWIw+ehDZasRac8PEInsg==
OK

--------------------------------------------------------------------------------
Extracting TA LXD file structure
Main document: SoftPlcParameter.lxd / Version: 1.0.0.0 / Bytes: 638681 / LastWriteTimeUtc: 2025-03-24T11:31:31.9335606Z / MD5 hash: igcMWVvhI5Ig9L8SzsfvJw==
String table document: SoftPlcParameter.de-DE.lxd / Version: 1.0.0.0 / Bytes: 230583 / LastWriteTimeUtc: 2025-03-24T11:31:31.9401220Z / MD5 hash: ApAV9oKpiQFC7URMI44png==
Data file: SoftPlcEasyStarterConfig.de-DE.xml / Bytes: 210 / LastWriteTimeUtc: 2025-03-24T11:31:31.9410802Z / MD5 hash: Ld/DlFRy4QQSu+RIYkJQmw==
Data file: SoftPlcEasyStarterConfig.xml / Bytes: 3337 / LastWriteTimeUtc: 2025-03-24T11:31:31.9410802Z / MD5 hash: WB6TGXTrIiGi6+TCGdLwQQ==
OK

--------------------------------------------------------------------------------
Reading LXD merge configuration data from file:
C:\Users\fdiaz\AppData\Local\Temp\0f4253ef-b8ee-4953-bfa1-4e946ea2ed52\TaPackage.config

Reading string arguments from config file
TA number: 100
TA version: 1
SelectTextFor1018Sub2Suffix en-US: TA Step0
SelectTextFor1018Sub2Suffix de-DE: TA Step0
ProductNameSuffix en-US: TA Step0
ProductNameSuffix de-DE: TA Step0
ProductInfoTextSuffix en-US: TA Step0
ProductInfoTextSuffix de-DE: TA Step0
SelectTextFor2013Sub1 en-US: TA Step0
SelectTextFor2013Sub1 de-DE: TA Step0
OK

--------------------------------------------------------------------------------
Checking arguments for LXD merge
Execution directory name: C:\Users\fdiaz\AppData\Local\assembly\dl3\QETC3P8A.5BX\WZ2NCW97.NG7\df6d7dc1\003297da_c52dda01
LXD schema: C:\Program Files (x86)\Lenze\PlcDesigner\3.28.0.28491\PlcDesigner\Common\LXD.xsd
Package configuration file: C:\Users\fdiaz\AppData\Local\Temp\0f4253ef-b8ee-4953-bfa1-4e946ea2ed52\TaPackage.config
Temp directory: C:\Users\fdiaz\AppData\Local\Temp\0f4253ef-b8ee-4953-bfa1-4e946ea2ed52
LXD target directory: automatically set to C:\Users\fdiaz\AppData\Local\Temp\0f4253ef-b8ee-4953-bfa1-4e946ea2ed52
OK

--------------------------------------------------------------------------------
Reading LXD merge configuration data from file:
C:\Users\fdiaz\AppData\Local\Temp\0f4253ef-b8ee-4953-bfa1-4e946ea2ed52\TaPackage.config

LXD merge configuration data already known.
Reading C:\Users\fdiaz\AppData\Local\Temp\0f4253ef-b8ee-4953-bfa1-4e946ea2ed52\TaPackage.config skipped.
OK

--------------------------------------------------------------------------------
Identifying base device file structure
Main document: 'C:\Users\fdiaz\AppData\Local\Temp\0f4253ef-b8ee-4953-bfa1-4e946ea2ed52\B\Lenze_25200000_0x00010C00.lxd'
String table 'de-DE': 'C:\Users\fdiaz\AppData\Local\Temp\0f4253ef-b8ee-4953-bfa1-4e946ea2ed52\B\de-DE\Lenze_25200000_0x00010C00.de-DE.lxd'
OK

--------------------------------------------------------------------------------
Identifying TA file structure
Main document: 'C:\Users\fdiaz\AppData\Local\Temp\0f4253ef-b8ee-4953-bfa1-4e946ea2ed52\A\SoftPlcParameter.lxd'
String table 'de-DE': 'C:\Users\fdiaz\AppData\Local\Temp\0f4253ef-b8ee-4953-bfa1-4e946ea2ed52\A\de-DE\SoftPlcParameter.de-DE.lxd'
Data file: 'C:\Users\fdiaz\AppData\Local\Temp\0f4253ef-b8ee-4953-bfa1-4e946ea2ed52\A\SoftPlcParameter\SoftPlcEasyStarterConfig.de-DE.xml'
Data file: 'C:\Users\fdiaz\AppData\Local\Temp\0f4253ef-b8ee-4953-bfa1-4e946ea2ed52\A\SoftPlcParameter\SoftPlcEasyStarterConfig.xml'
OK

--------------------------------------------------------------------------------
Reading:
C:\Users\fdiaz\AppData\Local\Temp\0f4253ef-b8ee-4953-bfa1-4e946ea2ed52\B\Lenze_25200000_0x00010C00.lxd
Reading:
C:\Users\fdiaz\AppData\Local\Temp\0f4253ef-b8ee-4953-bfa1-4e946ea2ed52\B\de-DE\Lenze_25200000_0x00010C00.de-DE.lxd
Reading:
C:\Users\fdiaz\AppData\Local\Temp\0f4253ef-b8ee-4953-bfa1-4e946ea2ed52\A\SoftPlcParameter.lxd
Reading:
C:\Users\fdiaz\AppData\Local\Temp\0f4253ef-b8ee-4953-bfa1-4e946ea2ed52\A\de-DE\SoftPlcParameter.de-DE.lxd
TA wants to add: 0x5102
TA wants to add: 0x5103
TA wants to add: 0x5104
TA wants to add: 0x5105
TA wants to add: 0x5106
TA wants to add: 0x5101
OK

--------------------------------------------------------------------------------
Merging data

Merging / updating main document
Object added: 0x5102
Object added: 0x5103
Object added: 0x5104
Object added: 0x5105
Object added: 0x5106
Object added: 0x5101
1 sub menu entries cloned.
168 entries for parameter group Oscilloscope.RecordableObjects cloned.
1098 error list entries cloned.
EncodedType set to: 25200000#100
Version set to: 1.3073.0.0
ProductRevision set to: 1.3073
ProductName set to: c520 FW V01.12 - TA Step0
ProductInfoText set to: c520 FW V01.12 - TA Step0
SelectTect for 0x2013:1 is already known
Writing main document to:
C:\Users\fdiaz\AppData\Local\Temp\0f4253ef-b8ee-4953-bfa1-4e946ea2ed52\T\Lenze_25200000#100_0x00010C01.lxd
OK

Merging / updating string tables
Updating string table for culture: de-DE
2500 string table entries added.
0 string table entries redefined.
ProductName for culture de-DE set to: c520 FW V01.12 - TA Step0
ProductInfoText for culture de-DE set to: c520 FW V01.12 - TA Step0
TA related SelectText in 0x2013:1 for culture de-DE set to: TA Step0
Writing string table document to: 
C:\Users\fdiaz\AppData\Local\Temp\0f4253ef-b8ee-4953-bfa1-4e946ea2ed52\T\de-DE\Lenze_25200000#100_0x00010C01.de-DE.lxd
OK


Temporary LXD file structure successfully created: C:\Users\fdiaz\AppData\Local\Temp\0f4253ef-b8ee-4953-bfa1-4e946ea2ed52\T\Lenze_25200000#100_0x00010C01.lxd
OK

--------------------------------------------------------------------------------
Validating created temporary file structure
OK

--------------------------------------------------------------------------------
Compare & update target file structure
OK

--------------------------------------------------------------------------------
Updating LDP

C:\Users\fdiaz\AppData\Local\Temp\0f4253ef-b8ee-4953-bfa1-4e946ea2ed52\Lenze_25200000_100_0x00010C01.ldp
Creating temporary LDP file: C:\Users\fdiaz\AppData\Local\Temp\0f4253ef-b8ee-4953-bfa1-4e946ea2ed52\1168bea6-546b-4976-8f0c-41f1729b603d\Lenze_25200000_100_0x00010C01.ldp
Adding file structure related to C:\Users\fdiaz\AppData\Local\Temp\0f4253ef-b8ee-4953-bfa1-4e946ea2ed52\Lenze_25200000#100_0x00010C01.lxd

Adding slave descriptions:

Creating reduced slave LDP files

Communication path: ETC0.1002, original LDP: C:\ProgramData\Lenze\DeviceDescription\{CCFB1E9A-23F7-4D38-BA56-4F57903F3AF4}\Lenze_69075001_0x00010002.ldp, original LXD: Lenze_69075001_0x00010002.lxd
Creating new slave LDP
Updating slave LDP: C:\Users\fdiaz\AppData\Local\Temp\0f4253ef-b8ee-4953-bfa1-4e946ea2ed52\Slave.Lenze_69075001_0x00010002\Slave.Lenze_69075001_0x00010002.ldp
Reading LXD data related to Lenze_69075001_0x00010002.lxd from C:\ProgramData\Lenze\DeviceDescription\{CCFB1E9A-23F7-4D38-BA56-4F57903F3AF4}\Lenze_69075001_0x00010002.ldp
Reducing LXD data
Saving LXD data related to C:\Users\fdiaz\AppData\Local\Temp\0f4253ef-b8ee-4953-bfa1-4e946ea2ed52\Slave.Lenze_69075001_0x00010002\Lenze_69075001_0x00010002.lxd
Adding reduced LXD file structure to: C:\Users\fdiaz\AppData\Local\Temp\0f4253ef-b8ee-4953-bfa1-4e946ea2ed52\Slave.Lenze_69075001_0x00010002\Slave.Lenze_69075001_0x00010002.ldp

Communication path: ETC0.1003, original LDP: C:\ProgramData\Lenze\DeviceDescription\{CCFB1E9A-23F7-4D38-BA56-4F57903F3AF4}\Lenze_69075001_0x00010002.ldp, original LXD: Lenze_69075001_0x00010002.lxd

Communication path: ETC0.1004, original LDP: C:\ProgramData\Lenze\DeviceDescription\{CCFB1E9A-23F7-4D38-BA56-4F57903F3AF4}\Lenze_69075001_0x00010002.ldp, original LXD: Lenze_69075001_0x00010002.lxd

Communication path: ETC0.1005, original LDP: C:\ProgramData\Lenze\DeviceDescription\{CCFB1E9A-23F7-4D38-BA56-4F57903F3AF4}\Lenze_69075001_0x00010002.ldp, original LXD: Lenze_69075001_0x00010002.lxd

Communication path: ETC0.1006, original LDP: C:\ProgramData\Lenze\DeviceDescription\{CCFB1E9A-23F7-4D38-BA56-4F57903F3AF4}\Lenze_69075001_0x00010002.ldp, original LXD: Lenze_69075001_0x00010002.lxd

Communication path: ETC0.1007, original LDP: C:\ProgramData\Lenze\DeviceDescription\{CCFB1E9A-23F7-4D38-BA56-4F57903F3AF4}\Lenze_69075001_0x00010002.ldp, original LXD: Lenze_69075001_0x00010002.lxd

Creation of reduced slave LDP files finished.
Adding reduced LDP to target file structure
C:\Users\fdiaz\AppData\Local\Temp\0f4253ef-b8ee-4953-bfa1-4e946ea2ed52\Slave.Lenze_69075001_0x00010002\Slave.Lenze_69075001_0x00010002.ldp

Creating and adding SlaveMapping.xml

Signing temporary LDP
Closing temporary LDP.

Data of saved temporary LDP:
ContentType: LDP/Device
Version: 0.0.0.6
Created: 3/24/2025 11:31:32 AM
Creator: CES282392
Modified: 3/24/2025 11:31:32 AM
LastModifiedBy: CES282392 (Lenze)
Property: BaseDeviceLdpFileName = Lenze_25200000_0x00010C00.ldp
Signature key id: i900.LdpMerge
Signature: \Lenze_25200000#100_0x00010C01.lxd - 55DDF35B948BC0AADADE0EBFAA5E5B0BDC953AE77205A90731CD75655FE6F88E079923BF08EB98894CD4171CC22F0B39175C6DE862ACC379759AD9E8FB0FDC1774F05F8EEB72EB054FE6B599ACE43C3857443AC14CEFF7B3CD0A24407F55BAB73A5E9E9A342E6973ABE9CDA35ADF8E42E43BAD4802A9C6D77EBF8551B7A72B47
Signature: \Cultures\de-DE\Lenze_25200000#100_0x00010C01.de-DE.lxd - 8BCD03CCD734AE3A10A479E06BE52ADA176F54FB0A8F8A0557614436D6AFCF7E73F598840CFA6A3FBD5812735217970EF153D60F6C246C602562006CEE3B518998F89DE807B6DE1E3A1955E4F12CCC98162FE22806AF17A75882AA5C249BFF68BFEBDFFD0FAD9F4B9730AD4E6928530B4ABE933AD5D70738D60489311FAF356A
Signature: \Lenze_25200000#100_0x00010C01\Slave.Lenze_69075001_0x00010002.ldp - 44B1913B7D8AE47FFB144792F597DD12344ED39E9F741A0BA66345298F9F6F164C581EAEFDCF5CB71F371C0C296CABE03C1C2FBE5CDB506AAC00D466D7DFC04146F6BC442F348E8F2BC988A3A5D587499C762867E27857086E9D1FDF5FA792550137C57447995D497803D34A4CB40B9A40FD4B4D502A334F1FE11A8748C34EE0
Signature: \Lenze_25200000#100_0x00010C01\SlaveMapping.xml - 506857ACA1F8F1D92C02990680DCDA7452B312602A6B149C8305829B62D3E19633C7707EB62A3247501D2260571C1EF6377741A9CEF0898ECB42F513FB0535102FCE809E5DFE34B223EA69E9A431B8979ABAD9A3046C64916D63D613C1E902E68829B85C1753C71488888FDB31408361204DA1A83C7504C8B567BD5B1729B0C7
Main document: Lenze_25200000#100_0x00010C01.lxd / Version: 1.0.0.0 / Bytes: 951691 / LastWriteTimeUtc: 2025-03-24T11:31:32.3321923Z / MD5 hash: IsjmjUVuqIEjppchFrgCxQ==
String table document: Lenze_25200000#100_0x00010C01.de-DE.lxd / Version: 1.0.0.0 / Bytes: 360703 / LastWriteTimeUtc: 2025-03-24T11:31:32.3786274Z / MD5 hash: e5XvpDvt+c0SCEuA3lssKg==
Data file: Slave.Lenze_69075001_0x00010002.ldp / Bytes: 24040 / LastWriteTimeUtc: 2025-03-24T11:31:32.7866814Z / MD5 hash: cUv66nyEjvyJo0rxR9PUBA==
Data file: SlaveMapping.xml / Bytes: 1312 / LastWriteTimeUtc: 2025-03-24T11:31:32.7876793Z / MD5 hash: TKG39VivKL/QW7pJJ3a4eQ==

Target LDP file does not exist and will be created newly.
Copying temporary LDP file to: C:\Users\fdiaz\AppData\Local\Temp\0f4253ef-b8ee-4953-bfa1-4e946ea2ed52\Lenze_25200000_100_0x00010C01.ldp

Final target LDP data:
ContentType: LDP/Device
Version: 0.0.0.6
Created: 3/24/2025 11:31:32 AM
Creator: CES282392
Modified: 3/24/2025 11:31:32 AM
LastModifiedBy: CES282392 (Lenze)
Property: BaseDeviceLdpFileName = Lenze_25200000_0x00010C00.ldp
Signature key id: i900.LdpMerge
Signature: \Lenze_25200000#100_0x00010C01.lxd - 55DDF35B948BC0AADADE0EBFAA5E5B0BDC953AE77205A90731CD75655FE6F88E079923BF08EB98894CD4171CC22F0B39175C6DE862ACC379759AD9E8FB0FDC1774F05F8EEB72EB054FE6B599ACE43C3857443AC14CEFF7B3CD0A24407F55BAB73A5E9E9A342E6973ABE9CDA35ADF8E42E43BAD4802A9C6D77EBF8551B7A72B47
Signature: \Cultures\de-DE\Lenze_25200000#100_0x00010C01.de-DE.lxd - 8BCD03CCD734AE3A10A479E06BE52ADA176F54FB0A8F8A0557614436D6AFCF7E73F598840CFA6A3FBD5812735217970EF153D60F6C246C602562006CEE3B518998F89DE807B6DE1E3A1955E4F12CCC98162FE22806AF17A75882AA5C249BFF68BFEBDFFD0FAD9F4B9730AD4E6928530B4ABE933AD5D70738D60489311FAF356A
Signature: \Lenze_25200000#100_0x00010C01\Slave.Lenze_69075001_0x00010002.ldp - 44B1913B7D8AE47FFB144792F597DD12344ED39E9F741A0BA66345298F9F6F164C581EAEFDCF5CB71F371C0C296CABE03C1C2FBE5CDB506AAC00D466D7DFC04146F6BC442F348E8F2BC988A3A5D587499C762867E27857086E9D1FDF5FA792550137C57447995D497803D34A4CB40B9A40FD4B4D502A334F1FE11A8748C34EE0
Signature: \Lenze_25200000#100_0x00010C01\SlaveMapping.xml - 506857ACA1F8F1D92C02990680DCDA7452B312602A6B149C8305829B62D3E19633C7707EB62A3247501D2260571C1EF6377741A9CEF0898ECB42F513FB0535102FCE809E5DFE34B223EA69E9A431B8979ABAD9A3046C64916D63D613C1E902E68829B85C1753C71488888FDB31408361204DA1A83C7504C8B567BD5B1729B0C7
Main document: Lenze_25200000#100_0x00010C01.lxd / Version: 1.0.0.0 / Bytes: 951691 / LastWriteTimeUtc: 2025-03-24T11:31:32.3321923Z / MD5 hash: IsjmjUVuqIEjppchFrgCxQ==
String table document: Lenze_25200000#100_0x00010C01.de-DE.lxd / Version: 1.0.0.0 / Bytes: 360703 / LastWriteTimeUtc: 2025-03-24T11:31:32.3786274Z / MD5 hash: e5XvpDvt+c0SCEuA3lssKg==
Data file: Slave.Lenze_69075001_0x00010002.ldp / Bytes: 24040 / LastWriteTimeUtc: 2025-03-24T11:31:32.7866814Z / MD5 hash: cUv66nyEjvyJo0rxR9PUBA==
Data file: SlaveMapping.xml / Bytes: 1312 / LastWriteTimeUtc: 2025-03-24T11:31:32.7876793Z / MD5 hash: TKG39VivKL/QW7pJJ3a4eQ==
OK

--------------------------------------------------------------------------------
Reading LPK merge configuration data from file:
C:\Users\fdiaz\AppData\Local\Temp\0f4253ef-b8ee-4953-bfa1-4e946ea2ed52\TaPackage.config

PackageNameSuffix en-US: TA Step0
PackageNameSuffix de-DE: TA Step0
DisplayNodes en-US: c520
DisplayNodes de-DE: c520
OK

--------------------------------------------------------------------------------
Updating target LPK

C:\Users\fdiaz\Documents\Repositorios\AutAcademy_OOP\Step0\Step0.76998303-f63c-4bf2-a68d-1851d8790195.Lenze_25200000_000000_100_0x00010A01.intlpk

Creating temporary LPK file: C:\Users\fdiaz\AppData\Local\Temp\0f4253ef-b8ee-4953-bfa1-4e946ea2ed52\Step0.76998303-f63c-4bf2-a68d-1851d8790195.Lenze_25200000_000000_100_0x00010A01.intlpk
There are no additional files to be added to LPK.
Saving temporary LPK file: C:\Users\fdiaz\AppData\Local\Temp\0f4253ef-b8ee-4953-bfa1-4e946ea2ed52\Step0.76998303-f63c-4bf2-a68d-1851d8790195.Lenze_25200000_000000_100_0x00010A01.intlpk
Data of saved temporary LPK:
Package Id: d4bda33e-8708-4481-b3ed-9d095a52ff46
Package version: 1.0
Content: UserDeviceDescription
Package name: c520 FW V01.12 - TA Step0 (100) V1
Package name en-US: c520 FW V01.12 - TA Step0 (100) V1
Package name de-DE: c520 FW V01.12 - TA Step0 (100) V1
Display nodes: c520
Display nodes en-US: c520
Display nodes de-DE: c520
Package module: Lenze_25200000_100_0x00010C01.ldp / Version: 0.0.0.6 / Bytes: 157032 / LastWriteTimeUtc: 2025-03-24T11:31:32.8508558Z / MD5 hash: wXqTiGcqsI8fDFOqrpSv/g==
OK

Target LPK file does not exist and will be created newly.
Copying LPK file from C:\Users\fdiaz\AppData\Local\Temp\0f4253ef-b8ee-4953-bfa1-4e946ea2ed52\Step0.76998303-f63c-4bf2-a68d-1851d8790195.Lenze_25200000_000000_100_0x00010A01.intlpk to C:\Users\fdiaz\Documents\Repositorios\AutAcademy_OOP\Step0\Step0.76998303-f63c-4bf2-a68d-1851d8790195.Lenze_25200000_000000_100_0x00010A01.intlpk

Final target package data:
Package Id: d4bda33e-8708-4481-b3ed-9d095a52ff46
Package version: 1.0
Content: UserDeviceDescription
Package name: c520 FW V01.12 - TA Step0 (100) V1
Package name en-US: c520 FW V01.12 - TA Step0 (100) V1
Package name de-DE: c520 FW V01.12 - TA Step0 (100) V1
Display nodes: c520
Display nodes en-US: c520
Display nodes de-DE: c520
Package module: Lenze_25200000_100_0x00010C01.ldp / Version: 0.0.0.6 / Bytes: 157032 / LastWriteTimeUtc: 2025-03-24T11:31:32.8508558Z / MD5 hash: wXqTiGcqsI8fDFOqrpSv/g==
OK

-------------------------------------------------------------------------------

