--------------------------------------------------------------------------------
Checking arguments for creation of PTA package
Target LPK file: C:\Users\fdiaz\Documents\Repositorios\AutAcademy_OOP\Step16\Step16.76998303-f63c-4bf2-a68d-1851d8790195.Lenze_25200000_000000_100_0x00010A01.intlpk
Package configuration file: C:\Users\fdiaz\AppData\Local\Temp\c1b333f9-8bcc-4b4a-9500-b17951d94a30\TaPackage.config
OK

--------------------------------------------------------------------------------
Checking arguments for LDP merge
Execution directory name: C:\Users\fdiaz\AppData\Local\assembly\dl3\QETC3P8A.5BX\WZ2NCW97.NG7\df6d7dc1\003297da_c52dda01
Signature key file: missing.
Base device LDP file: C:\ProgramData\Lenze\DeviceDescription\{5E796237-6C09-48EA-8C4D-572A2234DAA5}\Lenze_25200000_0x00010C00.ldp
TA LDP file: C:\Users\fdiaz\Documents\Repositorios\AutAcademy_OOP\Step16\Step16.76998303-f63c-4bf2-a68d-1851d8790195.SoftPlcParameter.ldp
LDP target directory: C:\Users\fdiaz\AppData\Local\Temp\c1b333f9-8bcc-4b4a-9500-b17951d94a30
OK

--------------------------------------------------------------------------------
Reading LDP merge configuration data from file:
C:\Users\fdiaz\AppData\Local\Temp\c1b333f9-8bcc-4b4a-9500-b17951d94a30\TaPackage.config

OK

--------------------------------------------------------------------------------
Extracting base device LXD file structure
Main document: Lenze_25200000_0x00010C00.lxd / Version: 1.0.0.0 / Bytes: 466455 / LastWriteTimeUtc: 2024-04-08T13:30:05.4068049Z / MD5 hash: AHRJzUjmuWf9milw5apMjg==
String table document: Lenze_25200000_0x00010C00.de-DE.lxd / Version: 1.0.0.0 / Bytes: 145277 / LastWriteTimeUtc: 2024-04-08T13:30:05.4188296Z / MD5 hash: BWWIw+ehDZasRac8PEInsg==
OK

--------------------------------------------------------------------------------
Extracting TA LXD file structure
Main document: SoftPlcParameter.lxd / Version: 1.0.0.0 / Bytes: 638681 / LastWriteTimeUtc: 2025-03-25T08:43:20.8025328Z / MD5 hash: uHSJsHA9Eu7x/QC6WDHEKA==
String table document: SoftPlcParameter.de-DE.lxd / Version: 1.0.0.0 / Bytes: 230583 / LastWriteTimeUtc: 2025-03-25T08:43:20.8075016Z / MD5 hash: ApAV9oKpiQFC7URMI44png==
Data file: SoftPlcEasyStarterConfig.de-DE.xml / Bytes: 210 / LastWriteTimeUtc: 2025-03-25T08:43:20.8075016Z / MD5 hash: Ld/DlFRy4QQSu+RIYkJQmw==
Data file: SoftPlcEasyStarterConfig.xml / Bytes: 3337 / LastWriteTimeUtc: 2025-03-25T08:43:20.8075016Z / MD5 hash: WB6TGXTrIiGi6+TCGdLwQQ==
OK

--------------------------------------------------------------------------------
Reading LXD merge configuration data from file:
C:\Users\fdiaz\AppData\Local\Temp\c1b333f9-8bcc-4b4a-9500-b17951d94a30\TaPackage.config

Reading string arguments from config file
TA number: 100
TA version: 1
SelectTextFor1018Sub2Suffix en-US: TA Step16
SelectTextFor1018Sub2Suffix de-DE: TA Step16
ProductNameSuffix en-US: TA Step16
ProductNameSuffix de-DE: TA Step16
ProductInfoTextSuffix en-US: TA Step16
ProductInfoTextSuffix de-DE: TA Step16
SelectTextFor2013Sub1 en-US: TA Step16
SelectTextFor2013Sub1 de-DE: TA Step16
OK

--------------------------------------------------------------------------------
Checking arguments for LXD merge
Execution directory name: C:\Users\fdiaz\AppData\Local\assembly\dl3\QETC3P8A.5BX\WZ2NCW97.NG7\df6d7dc1\003297da_c52dda01
LXD schema: C:\Program Files (x86)\Lenze\PlcDesigner\3.28.0.28491\PlcDesigner\Common\LXD.xsd
Package configuration file: C:\Users\fdiaz\AppData\Local\Temp\c1b333f9-8bcc-4b4a-9500-b17951d94a30\TaPackage.config
Temp directory: C:\Users\fdiaz\AppData\Local\Temp\c1b333f9-8bcc-4b4a-9500-b17951d94a30
LXD target directory: automatically set to C:\Users\fdiaz\AppData\Local\Temp\c1b333f9-8bcc-4b4a-9500-b17951d94a30
OK

--------------------------------------------------------------------------------
Reading LXD merge configuration data from file:
C:\Users\fdiaz\AppData\Local\Temp\c1b333f9-8bcc-4b4a-9500-b17951d94a30\TaPackage.config

LXD merge configuration data already known.
Reading C:\Users\fdiaz\AppData\Local\Temp\c1b333f9-8bcc-4b4a-9500-b17951d94a30\TaPackage.config skipped.
OK

--------------------------------------------------------------------------------
Identifying base device file structure
Main document: 'C:\Users\fdiaz\AppData\Local\Temp\c1b333f9-8bcc-4b4a-9500-b17951d94a30\B\Lenze_25200000_0x00010C00.lxd'
String table 'de-DE': 'C:\Users\fdiaz\AppData\Local\Temp\c1b333f9-8bcc-4b4a-9500-b17951d94a30\B\de-DE\Lenze_25200000_0x00010C00.de-DE.lxd'
OK

--------------------------------------------------------------------------------
Identifying TA file structure
Main document: 'C:\Users\fdiaz\AppData\Local\Temp\c1b333f9-8bcc-4b4a-9500-b17951d94a30\A\SoftPlcParameter.lxd'
String table 'de-DE': 'C:\Users\fdiaz\AppData\Local\Temp\c1b333f9-8bcc-4b4a-9500-b17951d94a30\A\de-DE\SoftPlcParameter.de-DE.lxd'
Data file: 'C:\Users\fdiaz\AppData\Local\Temp\c1b333f9-8bcc-4b4a-9500-b17951d94a30\A\SoftPlcParameter\SoftPlcEasyStarterConfig.de-DE.xml'
Data file: 'C:\Users\fdiaz\AppData\Local\Temp\c1b333f9-8bcc-4b4a-9500-b17951d94a30\A\SoftPlcParameter\SoftPlcEasyStarterConfig.xml'
OK

--------------------------------------------------------------------------------
Reading:
C:\Users\fdiaz\AppData\Local\Temp\c1b333f9-8bcc-4b4a-9500-b17951d94a30\B\Lenze_25200000_0x00010C00.lxd
Reading:
C:\Users\fdiaz\AppData\Local\Temp\c1b333f9-8bcc-4b4a-9500-b17951d94a30\B\de-DE\Lenze_25200000_0x00010C00.de-DE.lxd
Reading:
C:\Users\fdiaz\AppData\Local\Temp\c1b333f9-8bcc-4b4a-9500-b17951d94a30\A\SoftPlcParameter.lxd
Reading:
C:\Users\fdiaz\AppData\Local\Temp\c1b333f9-8bcc-4b4a-9500-b17951d94a30\A\de-DE\SoftPlcParameter.de-DE.lxd
TA wants to add: 0x5102
TA wants to add: 0x5103
TA wants to add: 0x5104
TA wants to add: 0x5105
TA wants to add: 0x5106
TA wants to add: 0x5101
OK

--------------------------------------------------------------------------------
Merging data

Merging / updating main document
Object added: 0x5102
Object added: 0x5103
Object added: 0x5104
Object added: 0x5105
Object added: 0x5106
Object added: 0x5101
1 sub menu entries cloned.
168 entries for parameter group Oscilloscope.RecordableObjects cloned.
1098 error list entries cloned.
EncodedType set to: 25200000#100
Version set to: 1.3073.0.0
ProductRevision set to: 1.3073
ProductName set to: c520 FW V01.12 - TA Step16
ProductInfoText set to: c520 FW V01.12 - TA Step16
SelectTect for 0x2013:1 is already known
Writing main document to:
C:\Users\fdiaz\AppData\Local\Temp\c1b333f9-8bcc-4b4a-9500-b17951d94a30\T\Lenze_25200000#100_0x00010C01.lxd
OK

Merging / updating string tables
Updating string table for culture: de-DE
2500 string table entries added.
0 string table entries redefined.
ProductName for culture de-DE set to: c520 FW V01.12 - TA Step16
ProductInfoText for culture de-DE set to: c520 FW V01.12 - TA Step16
TA related SelectText in 0x2013:1 for culture de-DE set to: TA Step16
Writing string table document to: 
C:\Users\fdiaz\AppData\Local\Temp\c1b333f9-8bcc-4b4a-9500-b17951d94a30\T\de-DE\Lenze_25200000#100_0x00010C01.de-DE.lxd
OK


Temporary LXD file structure successfully created: C:\Users\fdiaz\AppData\Local\Temp\c1b333f9-8bcc-4b4a-9500-b17951d94a30\T\Lenze_25200000#100_0x00010C01.lxd
OK

--------------------------------------------------------------------------------
Validating created temporary file structure
OK

--------------------------------------------------------------------------------
Compare & update target file structure
OK

--------------------------------------------------------------------------------
Updating LDP

C:\Users\fdiaz\AppData\Local\Temp\c1b333f9-8bcc-4b4a-9500-b17951d94a30\Lenze_25200000_100_0x00010C01.ldp
Creating temporary LDP file: C:\Users\fdiaz\AppData\Local\Temp\c1b333f9-8bcc-4b4a-9500-b17951d94a30\26e0bc7d-5059-4825-8a03-ebce56adbe6f\Lenze_25200000_100_0x00010C01.ldp
Adding file structure related to C:\Users\fdiaz\AppData\Local\Temp\c1b333f9-8bcc-4b4a-9500-b17951d94a30\Lenze_25200000#100_0x00010C01.lxd

Adding slave descriptions:

Creating reduced slave LDP files

Communication path: ETC0.1002, original LDP: C:\ProgramData\Lenze\DeviceDescription\{CCFB1E9A-23F7-4D38-BA56-4F57903F3AF4}\Lenze_69075001_0x00010002.ldp, original LXD: Lenze_69075001_0x00010002.lxd
Creating new slave LDP
Updating slave LDP: C:\Users\fdiaz\AppData\Local\Temp\c1b333f9-8bcc-4b4a-9500-b17951d94a30\Slave.Lenze_69075001_0x00010002\Slave.Lenze_69075001_0x00010002.ldp
Reading LXD data related to Lenze_69075001_0x00010002.lxd from C:\ProgramData\Lenze\DeviceDescription\{CCFB1E9A-23F7-4D38-BA56-4F57903F3AF4}\Lenze_69075001_0x00010002.ldp
Reducing LXD data
Saving LXD data related to C:\Users\fdiaz\AppData\Local\Temp\c1b333f9-8bcc-4b4a-9500-b17951d94a30\Slave.Lenze_69075001_0x00010002\Lenze_69075001_0x00010002.lxd
Adding reduced LXD file structure to: C:\Users\fdiaz\AppData\Local\Temp\c1b333f9-8bcc-4b4a-9500-b17951d94a30\Slave.Lenze_69075001_0x00010002\Slave.Lenze_69075001_0x00010002.ldp

Communication path: ETC0.1003, original LDP: C:\ProgramData\Lenze\DeviceDescription\{CCFB1E9A-23F7-4D38-BA56-4F57903F3AF4}\Lenze_69075001_0x00010002.ldp, original LXD: Lenze_69075001_0x00010002.lxd

Communication path: ETC0.1004, original LDP: C:\ProgramData\Lenze\DeviceDescription\{CCFB1E9A-23F7-4D38-BA56-4F57903F3AF4}\Lenze_69075001_0x00010002.ldp, original LXD: Lenze_69075001_0x00010002.lxd

Communication path: ETC0.1005, original LDP: C:\ProgramData\Lenze\DeviceDescription\{CCFB1E9A-23F7-4D38-BA56-4F57903F3AF4}\Lenze_69075001_0x00010002.ldp, original LXD: Lenze_69075001_0x00010002.lxd

Communication path: ETC0.1006, original LDP: C:\ProgramData\Lenze\DeviceDescription\{CCFB1E9A-23F7-4D38-BA56-4F57903F3AF4}\Lenze_69075001_0x00010002.ldp, original LXD: Lenze_69075001_0x00010002.lxd

Communication path: ETC0.1007, original LDP: C:\ProgramData\Lenze\DeviceDescription\{CCFB1E9A-23F7-4D38-BA56-4F57903F3AF4}\Lenze_69075001_0x00010002.ldp, original LXD: Lenze_69075001_0x00010002.lxd

Creation of reduced slave LDP files finished.
Adding reduced LDP to target file structure
C:\Users\fdiaz\AppData\Local\Temp\c1b333f9-8bcc-4b4a-9500-b17951d94a30\Slave.Lenze_69075001_0x00010002\Slave.Lenze_69075001_0x00010002.ldp

Creating and adding SlaveMapping.xml

Signing temporary LDP
Closing temporary LDP.

Data of saved temporary LDP:
ContentType: LDP/Device
Version: 0.0.0.6
Created: 3/25/2025 8:43:21 AM
Creator: CES282392
Modified: 3/25/2025 8:43:21 AM
LastModifiedBy: CES282392 (Lenze)
Property: BaseDeviceLdpFileName = Lenze_25200000_0x00010C00.ldp
Signature key id: i900.LdpMerge
Signature: \Lenze_25200000#100_0x00010C01.lxd - 75F10609947BB5EB7722AF9530FE488B797E01E4F93B6FD9044D6B4B10428CA92660E686E3CDFD50331211095C8C187B3543AF93BEBABD212C7CFE95149EA523FEFF3CA65E25B46793EB9618177858CAF22184403FBDB9AA3A5D2228547DFDAFC4081C76F9E995F1EB17B9E62F1D3DDCF71FF4D06A22C846265EFD8263AF4B9E
Signature: \Cultures\de-DE\Lenze_25200000#100_0x00010C01.de-DE.lxd - 723BBC31CD3932751F862DE6AE5CE176143E9E3764AA7E33CA92BB716886386C080DD1992EF56B7BC39F624219B6147FFA8B913E54C5C2A7FDFEA41783FCB1E6DE0D4DA9BCB7CA76E4EFC882110B3148C0E8A09DFC681114928BF583330956C65CCDF60EDBAF39BE2E7473F8B54716D56BB95E0FB26CB61771B19419B066EBC7
Signature: \Lenze_25200000#100_0x00010C01\Slave.Lenze_69075001_0x00010002.ldp - 392205EA695F41DF364954BB2FB11A6935D8902F7A4438F7F440E74FB2F589B792F3B5812FFA30A606778EEA9C43CF358C53C3E1FFF0065B5834C142553148009467F763AF4C8334F7BB18E88F5C7EA0CB967056FB91E23158E26B2BE264BBB71A06C9C9E963FB5EE807C5D59298AA66D7F1B9EE899E5B8E84651DD59690570D
Signature: \Lenze_25200000#100_0x00010C01\SlaveMapping.xml - 506857ACA1F8F1D92C02990680DCDA7452B312602A6B149C8305829B62D3E19633C7707EB62A3247501D2260571C1EF6377741A9CEF0898ECB42F513FB0535102FCE809E5DFE34B223EA69E9A431B8979ABAD9A3046C64916D63D613C1E902E68829B85C1753C71488888FDB31408361204DA1A83C7504C8B567BD5B1729B0C7
Main document: Lenze_25200000#100_0x00010C01.lxd / Version: 1.0.0.0 / Bytes: 951693 / LastWriteTimeUtc: 2025-03-25T08:43:21.2000978Z / MD5 hash: JmNlGFnSpqo1FX1drGzZoA==
String table document: Lenze_25200000#100_0x00010C01.de-DE.lxd / Version: 1.0.0.0 / Bytes: 360706 / LastWriteTimeUtc: 2025-03-25T08:43:21.2673954Z / MD5 hash: pFEKY351srM34TbSZxZFdw==
Data file: Slave.Lenze_69075001_0x00010002.ldp / Bytes: 24040 / LastWriteTimeUtc: 2025-03-25T08:43:21.6693256Z / MD5 hash: hPqwD7/Qx5oQDGbsIPOoZQ==
Data file: SlaveMapping.xml / Bytes: 1312 / LastWriteTimeUtc: 2025-03-25T08:43:21.6703673Z / MD5 hash: TKG39VivKL/QW7pJJ3a4eQ==

Target LDP file does not exist and will be created newly.
Copying temporary LDP file to: C:\Users\fdiaz\AppData\Local\Temp\c1b333f9-8bcc-4b4a-9500-b17951d94a30\Lenze_25200000_100_0x00010C01.ldp

Final target LDP data:
ContentType: LDP/Device
Version: 0.0.0.6
Created: 3/25/2025 8:43:21 AM
Creator: CES282392
Modified: 3/25/2025 8:43:21 AM
LastModifiedBy: CES282392 (Lenze)
Property: BaseDeviceLdpFileName = Lenze_25200000_0x00010C00.ldp
Signature key id: i900.LdpMerge
Signature: \Lenze_25200000#100_0x00010C01.lxd - 75F10609947BB5EB7722AF9530FE488B797E01E4F93B6FD9044D6B4B10428CA92660E686E3CDFD50331211095C8C187B3543AF93BEBABD212C7CFE95149EA523FEFF3CA65E25B46793EB9618177858CAF22184403FBDB9AA3A5D2228547DFDAFC4081C76F9E995F1EB17B9E62F1D3DDCF71FF4D06A22C846265EFD8263AF4B9E
Signature: \Cultures\de-DE\Lenze_25200000#100_0x00010C01.de-DE.lxd - 723BBC31CD3932751F862DE6AE5CE176143E9E3764AA7E33CA92BB716886386C080DD1992EF56B7BC39F624219B6147FFA8B913E54C5C2A7FDFEA41783FCB1E6DE0D4DA9BCB7CA76E4EFC882110B3148C0E8A09DFC681114928BF583330956C65CCDF60EDBAF39BE2E7473F8B54716D56BB95E0FB26CB61771B19419B066EBC7
Signature: \Lenze_25200000#100_0x00010C01\Slave.Lenze_69075001_0x00010002.ldp - 392205EA695F41DF364954BB2FB11A6935D8902F7A4438F7F440E74FB2F589B792F3B5812FFA30A606778EEA9C43CF358C53C3E1FFF0065B5834C142553148009467F763AF4C8334F7BB18E88F5C7EA0CB967056FB91E23158E26B2BE264BBB71A06C9C9E963FB5EE807C5D59298AA66D7F1B9EE899E5B8E84651DD59690570D
Signature: \Lenze_25200000#100_0x00010C01\SlaveMapping.xml - 506857ACA1F8F1D92C02990680DCDA7452B312602A6B149C8305829B62D3E19633C7707EB62A3247501D2260571C1EF6377741A9CEF0898ECB42F513FB0535102FCE809E5DFE34B223EA69E9A431B8979ABAD9A3046C64916D63D613C1E902E68829B85C1753C71488888FDB31408361204DA1A83C7504C8B567BD5B1729B0C7
Main document: Lenze_25200000#100_0x00010C01.lxd / Version: 1.0.0.0 / Bytes: 951693 / LastWriteTimeUtc: 2025-03-25T08:43:21.2000978Z / MD5 hash: JmNlGFnSpqo1FX1drGzZoA==
String table document: Lenze_25200000#100_0x00010C01.de-DE.lxd / Version: 1.0.0.0 / Bytes: 360706 / LastWriteTimeUtc: 2025-03-25T08:43:21.2673954Z / MD5 hash: pFEKY351srM34TbSZxZFdw==
Data file: Slave.Lenze_69075001_0x00010002.ldp / Bytes: 24040 / LastWriteTimeUtc: 2025-03-25T08:43:21.6693256Z / MD5 hash: hPqwD7/Qx5oQDGbsIPOoZQ==
Data file: SlaveMapping.xml / Bytes: 1312 / LastWriteTimeUtc: 2025-03-25T08:43:21.6703673Z / MD5 hash: TKG39VivKL/QW7pJJ3a4eQ==
OK

--------------------------------------------------------------------------------
Reading LPK merge configuration data from file:
C:\Users\fdiaz\AppData\Local\Temp\c1b333f9-8bcc-4b4a-9500-b17951d94a30\TaPackage.config

PackageNameSuffix en-US: TA Step16
PackageNameSuffix de-DE: TA Step16
DisplayNodes en-US: c520
DisplayNodes de-DE: c520
OK

--------------------------------------------------------------------------------
Updating target LPK

C:\Users\fdiaz\Documents\Repositorios\AutAcademy_OOP\Step16\Step16.76998303-f63c-4bf2-a68d-1851d8790195.Lenze_25200000_000000_100_0x00010A01.intlpk

Creating temporary LPK file: C:\Users\fdiaz\AppData\Local\Temp\c1b333f9-8bcc-4b4a-9500-b17951d94a30\Step16.76998303-f63c-4bf2-a68d-1851d8790195.Lenze_25200000_000000_100_0x00010A01.intlpk
There are no additional files to be added to LPK.
Saving temporary LPK file: C:\Users\fdiaz\AppData\Local\Temp\c1b333f9-8bcc-4b4a-9500-b17951d94a30\Step16.76998303-f63c-4bf2-a68d-1851d8790195.Lenze_25200000_000000_100_0x00010A01.intlpk
Data of saved temporary LPK:
Package Id: d43b3bb9-0fcd-49df-9d86-80d0f367c6d1
Package version: 1.0
Content: UserDeviceDescription
Package name: c520 FW V01.12 - TA Step16 (100) V1
Package name en-US: c520 FW V01.12 - TA Step16 (100) V1
Package name de-DE: c520 FW V01.12 - TA Step16 (100) V1
Display nodes: c520
Display nodes en-US: c520
Display nodes de-DE: c520
Package module: Lenze_25200000_100_0x00010C01.ldp / Version: 0.0.0.6 / Bytes: 157023 / LastWriteTimeUtc: 2025-03-25T08:43:21.7338716Z / MD5 hash: VmFayZwhDx3WTnoA8CN3kw==
OK

Target LPK file does not exist and will be created newly.
Copying LPK file from C:\Users\fdiaz\AppData\Local\Temp\c1b333f9-8bcc-4b4a-9500-b17951d94a30\Step16.76998303-f63c-4bf2-a68d-1851d8790195.Lenze_25200000_000000_100_0x00010A01.intlpk to C:\Users\fdiaz\Documents\Repositorios\AutAcademy_OOP\Step16\Step16.76998303-f63c-4bf2-a68d-1851d8790195.Lenze_25200000_000000_100_0x00010A01.intlpk

Final target package data:
Package Id: d43b3bb9-0fcd-49df-9d86-80d0f367c6d1
Package version: 1.0
Content: UserDeviceDescription
Package name: c520 FW V01.12 - TA Step16 (100) V1
Package name en-US: c520 FW V01.12 - TA Step16 (100) V1
Package name de-DE: c520 FW V01.12 - TA Step16 (100) V1
Display nodes: c520
Display nodes en-US: c520
Display nodes de-DE: c520
Package module: Lenze_25200000_100_0x00010C01.ldp / Version: 0.0.0.6 / Bytes: 157023 / LastWriteTimeUtc: 2025-03-25T08:43:21.7338716Z / MD5 hash: VmFayZwhDx3WTnoA8CN3kw==
OK

-------------------------------------------------------------------------------

